<?xml version="1.0" encoding="UTF-8"?>
<!-- Generated by org.testng.reporters.JUnitReportReporter -->
<testsuite hostname="PUNITP289549L" name="Base.BaseClass" tests="3" failures="0" timestamp="6 Jun 2020 12:51:12 GMT" time="13.996" errors="0">
  <testcase name="validatetitle" time="0.025" classname="Base.BaseClass"/>
  <testcase name="validateUrl" time="0.024" classname="Base.BaseClass"/>
  <testcase name="openBrowser" time="13.947" classname="Base.BaseClass"/>
</testsuite> <!-- Base.BaseClass -->
