<?xml version="1.0" encoding="UTF-8"?>
<!-- Generated by org.testng.reporters.JUnitReportReporter -->
<testsuite hostname="PUNITP289549L" name="TestCases.SigningTest" tests="1" failures="0" timestamp="13 Jun 2020 16:04:54 GMT" time="0.388" errors="0">
  <testcase name="signUp" time="0.388" classname="TestCases.SigningTest"/>
</testsuite> <!-- TestCases.SigningTest -->
